#
# There is insufficient memory for the Java Runtime Environment to continue.
# Native memory allocation (malloc) failed to allocate 32744 bytes for ChunkPool::allocate
# Possible reasons:
#   The system is out of physical RAM or swap space
#   The process is running with CompressedOops enabled, and the Java Heap may be blocking the growth of the native heap
# Possible solutions:
#   Reduce memory load on the system
#   Increase physical memory or swap space
#   Check if swap backing store is full
#   Decrease Java heap size (-Xmx/-Xms)
#   Decrease number of Java threads
#   Decrease Java thread stack sizes (-Xss)
#   Set larger code cache with -XX:ReservedCodeCacheSize=
#   JVM is running with Unscaled Compressed Oops mode in which the Java heap is
#     placed in the first 4GB address space. The Java Heap base address is the
#     maximum limit for the native heap growth. Please use -XX:HeapBaseMinAddress
#     to set the Java Heap base and to place the Java Heap above 4GB virtual address.
# This output file may be truncated or incomplete.
#
#  Out of Memory Error (allocation.cpp:272), pid=18180, tid=0x0000000000001ebc
#
# JRE version: OpenJDK Runtime Environment (8.0_242-b01) (build 1.8.0_242-release-1644-b01)
# Java VM: OpenJDK 64-Bit Server VM (25.242-b01 mixed mode windows-amd64 compressed oops)
# Failed to write core dump. Minidumps are not enabled by default on client versions of Windows
#

---------------  T H R E A D  ---------------

Current thread (0x0000000018b62800):  JavaThread "C1 CompilerThread2" daemon [_thread_in_native, id=7868, stack(0x0000000019060000,0x0000000019160000)]

Stack: [0x0000000019060000,0x0000000019160000]
[error occurred during error reporting (printing stack bounds), id 0xc0000005]

Native frames: (J=compiled Java code, j=interpreted, Vv=VM code, C=native code)


Current CompileTask:
C1:4164312 20852       3       org.gradle.cache.internal.DefaultFileLockManager$DefaultFileLock$4::run (223 bytes)


---------------  P R O C E S S  ---------------

Java Threads: ( => current thread )
  0x000000001f004800 JavaThread "WorkerExecutor Queue Thread 5" [_thread_blocked, id=8740, stack(0x0000000027120000,0x0000000027220000)]
  0x000000001f006000 JavaThread "stdout" [_thread_in_native, id=9612, stack(0x00000000275d0000,0x00000000276d0000)]
  0x000000001efff800 JavaThread "stderr" [_thread_in_native, id=13044, stack(0x0000000027020000,0x0000000027120000)]
  0x000000001effe800 JavaThread "WorkerExecutor Queue Thread 4" [_thread_blocked, id=21592, stack(0x0000000027360000,0x0000000027460000)]
  0x000000001effd000 JavaThread "stdout" [_thread_in_native, id=17736, stack(0x0000000026f20000,0x0000000027020000)]
  0x000000001effe000 JavaThread "stderr" [_thread_in_native, id=7712, stack(0x0000000026e20000,0x0000000026f20000)]
  0x000000001f003000 JavaThread "stdout" [_thread_in_native, id=15368, stack(0x0000000026d20000,0x0000000026e20000)]
  0x000000001f002800 JavaThread "stdout" [_thread_in_native, id=13384, stack(0x0000000026c20000,0x0000000026d20000)]
  0x000000001effc800 JavaThread "stderr" [_thread_in_native, id=13972, stack(0x0000000026b20000,0x0000000026c20000)]
  0x000000001adca800 JavaThread "stderr" [_thread_in_native, id=14380, stack(0x0000000026a20000,0x0000000026b20000)]
  0x0000000020743800 JavaThread "pool-14-thread-1" [_thread_blocked, id=11688, stack(0x0000000026920000,0x0000000026a20000)]
  0x0000000020742000 JavaThread "WorkerExecutor Queue" [_thread_blocked, id=11904, stack(0x0000000026820000,0x0000000026920000)]
  0x0000000020745000 JavaThread "Cache worker for execution history cache (C:\Users\HP\git\sb_7\Experiments\Casey_Demo\Volley\.gradle\6.1.1\executionHistory)" [_thread_blocked, id=22380, stack(0x0000000026520000,0x0000000026620000)]
  0x0000000020740800 JavaThread "Execution worker for ':' Thread 3" [_thread_blocked, id=16608, stack(0x0000000026420000,0x0000000026520000)]
  0x000000002073c800 JavaThread "Execution worker for ':' Thread 2" [_thread_blocked, id=7128, stack(0x0000000026320000,0x0000000026420000)]
  0x0000000020739000 JavaThread "Execution worker for ':'" [_thread_blocked, id=17164, stack(0x0000000026220000,0x0000000026320000)]
  0x000000002073f800 JavaThread "Cache worker for file content cache (C:\Users\HP\git\sb_7\Experiments\Casey_Demo\Volley\.gradle\6.1.1\fileContent)" [_thread_blocked, id=21104, stack(0x0000000026120000,0x0000000026220000)]
  0x0000000020738000 JavaThread "Cache worker for file content cache (C:\Users\HP\.gradle\caches\6.1.1\fileContent)" [_thread_blocked, id=11832, stack(0x0000000025c20000,0x0000000025d20000)]
  0x000000002073f000 JavaThread "Memory manager" [_thread_blocked, id=14568, stack(0x0000000025b20000,0x0000000025c20000)]
  0x0000000020737800 JavaThread "Cache worker for Build Output Cleanup Cache (C:\Users\HP\git\sb_7\Experiments\Casey_Demo\Volley\.gradle\buildOutputCleanup)" [_thread_blocked, id=21328, stack(0x0000000025720000,0x0000000025820000)]
  0x000000002073a800 JavaThread "Build operations Thread 4" [_thread_blocked, id=22036, stack(0x00000000247c0000,0x00000000248c0000)]
  0x000000002073b000 JavaThread "Build operations Thread 3" [_thread_blocked, id=22436, stack(0x00000000232e0000,0x00000000233e0000)]
  0x000000001d29e800 JavaThread "Build operations Thread 2" [_thread_blocked, id=18472, stack(0x00000000227e0000,0x00000000228e0000)]
  0x000000001d29f800 JavaThread "Build operations" [_thread_blocked, id=17152, stack(0x0000000021a90000,0x0000000021b90000)]
  0x000000001d297000 JavaThread "Cache worker for cache directory md-rule (C:\Users\HP\.gradle\caches\6.1.1\md-rule)" [_thread_blocked, id=16260, stack(0x0000000021550000,0x0000000021650000)]
  0x000000001d295000 JavaThread "Cache worker for cache directory md-supplier (C:\Users\HP\.gradle\caches\6.1.1\md-supplier)" [_thread_blocked, id=11572, stack(0x000000001fb80000,0x000000001fc80000)]
  0x000000001d29b000 JavaThread "Cache worker for file hash cache (C:\Users\HP\git\sb_7\Experiments\Casey_Demo\Volley\.gradle\6.1.1\fileHashes)" [_thread_blocked, id=21080, stack(0x000000001f620000,0x000000001f720000)]
  0x000000001d29b800 JavaThread "Cache worker for checksums cache (C:\Users\HP\git\sb_7\Experiments\Casey_Demo\Volley\.gradle\checksums)" [_thread_blocked, id=20944, stack(0x000000001f520000,0x000000001f620000)]
  0x000000001d296800 JavaThread "Thread-109" [_thread_blocked, id=12176, stack(0x000000001f420000,0x000000001f520000)]
  0x000000001d292800 JavaThread "Asynchronous log dispatcher for DefaultDaemonConnection: socket connection from /127.0.0.1:52752 to /127.0.0.1:53132" [_thread_blocked, id=14308, stack(0x000000001c980000,0x000000001ca80000)]
  0x000000001d294000 JavaThread "Daemon worker Thread 6" [_thread_blocked, id=22428, stack(0x000000001c880000,0x000000001c980000)]
  0x000000001d299800 JavaThread "Cancel handler" [_thread_blocked, id=20844, stack(0x000000001c580000,0x000000001c680000)]
  0x000000001d292000 JavaThread "Handler for socket connection from /127.0.0.1:52752 to /127.0.0.1:53132" [_thread_in_native, id=10756, stack(0x000000001c480000,0x000000001c580000)]
  0x000000001d291000 JavaThread "Daemon Thread 6" [_thread_blocked, id=21120, stack(0x0000000000b70000,0x0000000000c70000)]
  0x000000001adce000 JavaThread "Cache worker for execution history cache (C:\Users\HP\.gradle\caches\6.1.1\executionHistory)" [_thread_blocked, id=4756, stack(0x000000001fc80000,0x000000001fd80000)]
  0x000000001adcc800 JavaThread "Cache worker for file hash cache (C:\Users\HP\.gradle\caches\6.1.1\fileHashes)" [_thread_blocked, id=20744, stack(0x000000001d180000,0x000000001d280000)]
  0x000000001adcc000 JavaThread "File lock request listener" [_thread_in_native, id=4048, stack(0x000000001d080000,0x000000001d180000)]
  0x000000001afbb800 JavaThread "Cache worker for journal cache (C:\Users\HP\.gradle\caches\journal-1)" [_thread_blocked, id=10736, stack(0x000000001cf80000,0x000000001d080000)]
  0x0000000019647800 JavaThread "Daemon periodic checks" [_thread_blocked, id=20892, stack(0x000000001c380000,0x000000001c480000)]
  0x0000000019828000 JavaThread "Incoming local TCP Connector on port 52752" [_thread_in_native, id=9944, stack(0x000000001c140000,0x000000001c240000)]
  0x000000001ac85800 JavaThread "Daemon health stats" [_thread_blocked, id=22048, stack(0x000000001bb00000,0x000000001bc00000)]
  0x0000000018b68000 JavaThread "Service Thread" daemon [_thread_blocked, id=18992, stack(0x0000000019160000,0x0000000019260000)]
=>0x0000000018b62800 JavaThread "C1 CompilerThread2" daemon [_thread_in_native, id=7868, stack(0x0000000019060000,0x0000000019160000)]
  0x00000000173fd000 JavaThread "C2 CompilerThread1" daemon [_thread_blocked, id=17656, stack(0x0000000018f60000,0x0000000019060000)]
  0x00000000173f1800 JavaThread "C2 CompilerThread0" daemon [_thread_blocked, id=17836, stack(0x0000000018a60000,0x0000000018b60000)]
  0x00000000173f0800 JavaThread "Attach Listener" daemon [_thread_blocked, id=16480, stack(0x0000000018960000,0x0000000018a60000)]
  0x00000000173f4800 JavaThread "Signal Dispatcher" daemon [_thread_blocked, id=1484, stack(0x0000000018860000,0x0000000018960000)]
  0x000000000272b000 JavaThread "Finalizer" daemon [_thread_blocked, id=11072, stack(0x0000000018660000,0x0000000018760000)]
  0x00000000173d9000 JavaThread "Reference Handler" daemon [_thread_blocked, id=9764, stack(0x0000000018560000,0x0000000018660000)]
  0x00000000027cd800 JavaThread "main" [_thread_blocked, id=10872, stack(0x0000000002510000,0x0000000002610000)]

Other Threads:
  0x00000000173b7800 VMThread [stack: 0x0000000018460000,0x0000000018560000] [id=6848]
  0x0000000018b68800 WatcherThread [stack: 0x0000000019260000,0x0000000019360000] [id=17612]

VM state:not at safepoint (normal execution)

VM Mutex/Monitor currently owned by a thread: None

heap address: 0x0000000080000000, size: 2048 MB, Compressed Oops mode: 32-bit
Narrow klass base: 0x0000000000000000, Narrow klass shift: 3
Compressed class space size: 1073741824 Address: 0x0000000100000000

Heap:
 PSYoungGen      total 343552K, used 123253K [0x00000000d5580000, 0x00000000ef600000, 0x0000000100000000)
  eden space 317440K, 35% used [0x00000000d5580000,0x00000000dc3cd138,0x00000000e8b80000)
  from space 26112K, 39% used [0x00000000e8b80000,0x00000000e9590568,0x00000000ea500000)
  to   space 25600K, 0% used [0x00000000edd00000,0x00000000edd00000,0x00000000ef600000)
 ParOldGen       total 155648K, used 51530K [0x0000000080000000, 0x0000000089800000, 0x00000000d5580000)
  object space 155648K, 33% used [0x0000000080000000,0x0000000083252828,0x0000000089800000)
 Metaspace       used 101470K, capacity 106322K, committed 107264K, reserved 1142784K
  class space    used 12981K, capacity 13863K, committed 14080K, reserved 1048576K

Card table byte_map: [0x0000000011b90000,0x0000000011fa0000] byte_map_base: 0x0000000011790000

Marking Bits: (ParMarkBitMap*) 0x00000000725ef030
 Begin Bits: [0x0000000012650000, 0x0000000014650000)
 End Bits:   [0x0000000014650000, 0x0000000016650000)

Polling page: 0x0000000000960000

CodeCache: size=245760Kb used=59525Kb max_used=59540Kb free=186234Kb
 bounds [0x00000000027d0000, 0x0000000006240000, 0x00000000117d0000]
 total_blobs=18445 nmethods=17523 adapters=834
 compilation: enabled

Compilation events (10 events):
Event: 4113.227 Thread 0x00000000173fd000 20120       4       com.android.tools.r8.ir.optimize.g::doEquivalent (16 bytes)
Event: 4113.228 Thread 0x00000000173fd000 nmethod 20120 0x000000000620e490 code [0x000000000620e5e0, 0x000000000620e6c8]
Event: 4113.489 Thread 0x00000000173f1800 nmethod 20147 0x000000000622b010 code [0x000000000622b660, 0x0000000006232688]
Event: 4124.251 Thread 0x00000000173fd000 20849  s!   4       org.gradle.internal.concurrent.CompositeStoppable::stop (123 bytes)
Event: 4124.278 Thread 0x00000000173fd000 nmethod 20849 0x00000000062194d0 code [0x0000000006219680, 0x0000000006219e08]
Event: 4138.541 Thread 0x0000000018b62800 20850       3       javax.management.ObjectName::getCanonicalKeyPropertyListString (44 bytes)
Event: 4138.542 Thread 0x0000000018b62800 nmethod 20850 0x0000000006217090 code [0x0000000006217200, 0x00000000062175a8]
Event: 4163.833 Thread 0x0000000018b62800 20851       3       org.gradle.launcher.daemon.server.health.gc.GarbageCollectionCheck::run (198 bytes)
Event: 4163.839 Thread 0x0000000018b62800 nmethod 20851 0x0000000006228350 code [0x00000000062286a0, 0x000000000622a028]
Event: 4164.252 Thread 0x0000000018b62800 20852       3       org.gradle.cache.internal.DefaultFileLockManager$DefaultFileLock$4::run (223 bytes)

GC Heap History (10 events):
Event: 4079.198 GC heap before
{Heap before GC invocations=21 (full 4):
 PSYoungGen      total 273920K, used 17515K [0x00000000d5580000, 0x00000000e9b80000, 0x0000000100000000)
  eden space 244736K, 0% used [0x00000000d5580000,0x00000000d5580000,0x00000000e4480000)
  from space 29184K, 60% used [0x00000000e4480000,0x00000000e559af80,0x00000000e6100000)
  to   space 29696K, 0% used [0x00000000e7e80000,0x00000000e7e80000,0x00000000e9b80000)
 ParOldGen       total 112128K, used 74392K [0x0000000080000000, 0x0000000086d80000, 0x00000000d5580000)
  object space 112128K, 66% used [0x0000000080000000,0x00000000848a6070,0x0000000086d80000)
 Metaspace       used 93568K, capacity 98544K, committed 98600K, reserved 1134592K
  class space    used 12062K, capacity 13021K, committed 13056K, reserved 1048576K
Event: 4079.869 GC heap after
Heap after GC invocations=21 (full 4):
 PSYoungGen      total 273920K, used 0K [0x00000000d5580000, 0x00000000e9b80000, 0x0000000100000000)
  eden space 244736K, 0% used [0x00000000d5580000,0x00000000d5580000,0x00000000e4480000)
  from space 29184K, 0% used [0x00000000e4480000,0x00000000e4480000,0x00000000e6100000)
  to   space 29696K, 0% used [0x00000000e7e80000,0x00000000e7e80000,0x00000000e9b80000)
 ParOldGen       total 155648K, used 51514K [0x0000000080000000, 0x0000000089800000, 0x00000000d5580000)
  object space 155648K, 33% used [0x0000000080000000,0x000000008324e828,0x0000000089800000)
 Metaspace       used 92151K, capacity 95860K, committed 98600K, reserved 1134592K
  class space    used 11756K, capacity 12468K, committed 13056K, reserved 1048576K
}
Event: 4100.024 GC heap before
{Heap before GC invocations=22 (full 4):
 PSYoungGen      total 273920K, used 244736K [0x00000000d5580000, 0x00000000e9b80000, 0x0000000100000000)
  eden space 244736K, 100% used [0x00000000d5580000,0x00000000e4480000,0x00000000e4480000)
  from space 29184K, 0% used [0x00000000e4480000,0x00000000e4480000,0x00000000e6100000)
  to   space 29696K, 0% used [0x00000000e7e80000,0x00000000e7e80000,0x00000000e9b80000)
 ParOldGen       total 155648K, used 51514K [0x0000000080000000, 0x0000000089800000, 0x00000000d5580000)
  object space 155648K, 33% used [0x0000000080000000,0x000000008324e828,0x0000000089800000)
 Metaspace       used 99849K, capacity 104220K, committed 105600K, reserved 1140736K
  class space    used 12807K, capacity 13628K, committed 13952K, reserved 1048576K
Event: 4100.060 GC heap after
Heap after GC invocations=22 (full 4):
 PSYoungGen      total 305152K, used 14486K [0x00000000d5580000, 0x00000000e9b00000, 0x0000000100000000)
  eden space 275968K, 0% used [0x00000000d5580000,0x00000000d5580000,0x00000000e6300000)
  from space 29184K, 49% used [0x00000000e7e80000,0x00000000e8ca5a68,0x00000000e9b00000)
  to   space 28160K, 0% used [0x00000000e6300000,0x00000000e6300000,0x00000000e7e80000)
 ParOldGen       total 155648K, used 51522K [0x0000000080000000, 0x0000000089800000, 0x00000000d5580000)
  object space 155648K, 33% used [0x0000000080000000,0x0000000083250828,0x0000000089800000)
 Metaspace       used 99849K, capacity 104220K, committed 105600K, reserved 1140736K
  class space    used 12807K, capacity 13628K, committed 13952K, reserved 1048576K
}
Event: 4101.736 GC heap before
{Heap before GC invocations=23 (full 4):
 PSYoungGen      total 305152K, used 290454K [0x00000000d5580000, 0x00000000e9b00000, 0x0000000100000000)
  eden space 275968K, 100% used [0x00000000d5580000,0x00000000e6300000,0x00000000e6300000)
  from space 29184K, 49% used [0x00000000e7e80000,0x00000000e8ca5a68,0x00000000e9b00000)
  to   space 28160K, 0% used [0x00000000e6300000,0x00000000e6300000,0x00000000e7e80000)
 ParOldGen       total 155648K, used 51522K [0x0000000080000000, 0x0000000089800000, 0x00000000d5580000)
  object space 155648K, 33% used [0x0000000080000000,0x0000000083250828,0x0000000089800000)
 Metaspace       used 100099K, capacity 104564K, committed 105856K, reserved 1140736K
  class space    used 12818K, capacity 13670K, committed 13952K, reserved 1048576K
Event: 4101.759 GC heap after
Heap after GC invocations=23 (full 4):
 PSYoungGen      total 304128K, used 10354K [0x00000000d5580000, 0x00000000ebf80000, 0x0000000100000000)
  eden space 275968K, 0% used [0x00000000d5580000,0x00000000d5580000,0x00000000e6300000)
  from space 28160K, 36% used [0x00000000e6300000,0x00000000e6d1cbf8,0x00000000e7e80000)
  to   space 27136K, 0% used [0x00000000ea500000,0x00000000ea500000,0x00000000ebf80000)
 ParOldGen       total 155648K, used 51530K [0x0000000080000000, 0x0000000089800000, 0x00000000d5580000)
  object space 155648K, 33% used [0x0000000080000000,0x0000000083252828,0x0000000089800000)
 Metaspace       used 100099K, capacity 104564K, committed 105856K, reserved 1140736K
  class space    used 12818K, capacity 13670K, committed 13952K, reserved 1048576K
}
Event: 4103.450 GC heap before
{Heap before GC invocations=24 (full 4):
 PSYoungGen      total 304128K, used 286322K [0x00000000d5580000, 0x00000000ebf80000, 0x0000000100000000)
  eden space 275968K, 100% used [0x00000000d5580000,0x00000000e6300000,0x00000000e6300000)
  from space 28160K, 36% used [0x00000000e6300000,0x00000000e6d1cbf8,0x00000000e7e80000)
  to   space 27136K, 0% used [0x00000000ea500000,0x00000000ea500000,0x00000000ebf80000)
 ParOldGen       total 155648K, used 51530K [0x0000000080000000, 0x0000000089800000, 0x00000000d5580000)
  object space 155648K, 33% used [0x0000000080000000,0x0000000083252828,0x0000000089800000)
 Metaspace       used 100238K, capacity 104724K, committed 106112K, reserved 1140736K
  class space    used 12839K, capacity 13674K, committed 13952K, reserved 1048576K
Event: 4103.498 GC heap after
Heap after GC invocations=24 (full 4):
 PSYoungGen      total 344576K, used 10717K [0x00000000d5580000, 0x00000000ec800000, 0x0000000100000000)
  eden space 317440K, 0% used [0x00000000d5580000,0x00000000d5580000,0x00000000e8b80000)
  from space 27136K, 39% used [0x00000000ea500000,0x00000000eaf77668,0x00000000ebf80000)
  to   space 26112K, 0% used [0x00000000e8b80000,0x00000000e8b80000,0x00000000ea500000)
 ParOldGen       total 155648K, used 51530K [0x0000000080000000, 0x0000000089800000, 0x00000000d5580000)
  object space 155648K, 33% used [0x0000000080000000,0x0000000083252828,0x0000000089800000)
 Metaspace       used 100238K, capacity 104724K, committed 106112K, reserved 1140736K
  class space    used 12839K, capacity 13674K, committed 13952K, reserved 1048576K
}
Event: 4105.477 GC heap before
{Heap before GC invocations=25 (full 4):
 PSYoungGen      total 344576K, used 328157K [0x00000000d5580000, 0x00000000ec800000, 0x0000000100000000)
  eden space 317440K, 100% used [0x00000000d5580000,0x00000000e8b80000,0x00000000e8b80000)
  from space 27136K, 39% used [0x00000000ea500000,0x00000000eaf77668,0x00000000ebf80000)
  to   space 26112K, 0% used [0x00000000e8b80000,0x00000000e8b80000,0x00000000ea500000)
 ParOldGen       total 155648K, used 51530K [0x0000000080000000, 0x0000000089800000, 0x00000000d5580000)
  object space 155648K, 33% used [0x0000000080000000,0x0000000083252828,0x0000000089800000)
 Metaspace       used 100299K, capacity 104738K, committed 106112K, reserved 1140736K
  class space    used 12841K, capacity 13675K, committed 13952K, reserved 1048576K
Event: 4105.501 GC heap after
Heap after GC invocations=25 (full 4):
 PSYoungGen      total 343552K, used 10305K [0x00000000d5580000, 0x00000000ef600000, 0x0000000100000000)
  eden space 317440K, 0% used [0x00000000d5580000,0x00000000d5580000,0x00000000e8b80000)
  from space 26112K, 39% used [0x00000000e8b80000,0x00000000e9590568,0x00000000ea500000)
  to   space 25600K, 0% used [0x00000000edd00000,0x00000000edd00000,0x00000000ef600000)
 ParOldGen       total 155648K, used 51530K [0x0000000080000000, 0x0000000089800000, 0x00000000d5580000)
  object space 155648K, 33% used [0x0000000080000000,0x0000000083252828,0x0000000089800000)
 Metaspace       used 100299K, capacity 104738K, committed 106112K, reserved 1140736K
  class space    used 12841K, capacity 13675K, committed 13952K, reserved 1048576K
}

Deoptimization events (10 events):
Event: 4101.084 Thread 0x0000000020740800 Uncommon trap: reason=unstable_if action=reinterpret pc=0x00000000059c5ed8 method=com.android.tools.r8.ir.regalloc.a.a(Lcom/android/tools/r8/u/b/h0;Lcom/android/tools/r8/ir/regalloc/a$b;)Z @ 75
Event: 4101.305 Thread 0x0000000020740800 Uncommon trap: reason=unstable_if action=reinterpret pc=0x00000000057e37f8 method=com.android.tools.r8.graph.g0.equals(Ljava/lang/Object;)Z @ 28
Event: 4101.391 Thread 0x000000001d294000 Uncommon trap: reason=unstable_if action=reinterpret pc=0x0000000005a37778 method=com.android.tools.r8.u.b.S0.equals(Ljava/lang/Object;)Z @ 60
Event: 4101.864 Thread 0x0000000020740800 Uncommon trap: reason=unstable_if action=reinterpret pc=0x0000000005a8af74 method=com.android.tools.r8.ir.regalloc.b.compareTo(Ljava/lang/Object;)I @ 81
Event: 4102.972 Thread 0x0000000020740800 Uncommon trap: reason=unstable_if action=reinterpret pc=0x0000000005ec271c method=com.android.tools.r8.ir.regalloc.a.a(Lcom/android/tools/r8/ir/regalloc/a$a;Z)Lcom/android/tools/r8/ir/regalloc/a$a; @ 2082
Event: 4102.976 Thread 0x0000000020740800 Uncommon trap: reason=unstable_if action=reinterpret pc=0x00000000059ae630 method=java.util.TimSort.countRunAndMakeAscending([Ljava/lang/Object;IILjava/util/Comparator;)I @ 27
Event: 4107.992 Thread 0x0000000020740800 Uncommon trap: reason=unstable_if action=reinterpret pc=0x000000000590ac70 method=com.android.tools.r8.v.a.a.a.h.J0.a(Ljava/lang/Object;)I @ 52
Event: 4108.057 Thread 0x000000001d294000 Uncommon trap: reason=unstable_if action=reinterpret pc=0x000000000327e7a8 method=java.util.Arrays.equals([Ljava/lang/Object;[Ljava/lang/Object;)Z @ 47
Event: 4109.352 Thread 0x0000000020740800 Uncommon trap: reason=unstable_if action=reinterpret pc=0x00000000038dbb54 method=java.lang.ref.SoftReference.get()Ljava/lang/Object; @ 6
Event: 4109.356 Thread 0x000000001d294000 Uncommon trap: reason=unstable_if action=reinterpret pc=0x000000000332a480 method=java.util.concurrent.ConcurrentLinkedQueue.offer(Ljava/lang/Object;)Z @ 40

Classes redefined (0 events):
No events

Internal exceptions (10 events):
Event: 4078.390 Thread 0x000000002073c800 Exception <a 'java/lang/NoSuchMethodError': <clinit>> (0x00000000dd77cab8) thrown at [C:\src\AOSP-openjdk-git\hotspot\src\share\vm\prims\jni.cpp, line 1615]
Event: 4078.393 Thread 0x000000002073c800 Exception <a 'java/lang/NoSuchMethodError': <clinit>> (0x00000000dd7b6c40) thrown at [C:\src\AOSP-openjdk-git\hotspot\src\share\vm\prims\jni.cpp, line 1615]
Event: 4085.806 Thread 0x0000000020742000 Implicit null exception at 0x00000000036beff3 to 0x00000000036c0739
Event: 4085.806 Thread 0x0000000020742000 Implicit null exception at 0x0000000002ecae41 to 0x0000000002ecaf41
Event: 4085.806 Thread 0x0000000020742000 Implicit null exception at 0x00000000043b421c to 0x00000000043b4561
Event: 4093.963 Thread 0x0000000020740800 Exception <a 'java/lang/NoSuchMethodError': java.lang.Object.lambda$maxBy$1(Ljava/util/Comparator;Ljava/lang/Object;Ljava/lang/Object;)Ljava/lang/Object;> (0x00000000db26ed90) thrown at [C:\src\AOSP-openjdk-git\hotspot\src\share\vm\interpreter\linkResolve
Event: 4093.963 Thread 0x000000001d294000 Exception <a 'java/lang/NoSuchMethodError': java.lang.Object.lambda$maxBy$1(Ljava/util/Comparator;Ljava/lang/Object;Ljava/lang/Object;)Ljava/lang/Object;> (0x00000000db2121e0) thrown at [C:\src\AOSP-openjdk-git\hotspot\src\share\vm\interpreter\linkResolve
Event: 4109.182 Thread 0x0000000020740800 Exception <a 'sun/nio/fs/WindowsException'> (0x00000000dbd7f728) thrown at [C:\src\AOSP-openjdk-git\hotspot\src\share\vm\prims\jni.cpp, line 710]
Event: 4109.182 Thread 0x000000001d294000 Exception <a 'sun/nio/fs/WindowsException'> (0x00000000dc02d9c0) thrown at [C:\src\AOSP-openjdk-git\hotspot\src\share\vm\prims\jni.cpp, line 710]
Event: 4109.352 Thread 0x0000000020740800 Implicit null exception at 0x00000000038db258 to 0x00000000038dbb35

Events (10 events):
Event: 4109.356 Thread 0x000000001d294000 DEOPT PACKING pc=0x000000000332a480 sp=0x000000001c978de0
Event: 4109.356 Thread 0x000000001d294000 DEOPT UNPACKING pc=0x000000000281557b sp=0x000000001c978d18 mode 2
Event: 4109.366 Thread 0x0000000020740800 DEOPT PACKING pc=0x0000000004b2405c sp=0x000000002651c570
Event: 4109.366 Thread 0x0000000020740800 DEOPT UNPACKING pc=0x00000000028171d0 sp=0x000000002651c328 mode 0
Event: 4109.366 Thread 0x0000000020740800 DEOPT PACKING pc=0x0000000004d2ede4 sp=0x000000002651c660
Event: 4109.366 Thread 0x0000000020740800 DEOPT UNPACKING pc=0x00000000028171d0 sp=0x000000002651c380 mode 0
Event: 4109.366 Thread 0x000000001d294000 DEOPT PACKING pc=0x0000000004b2405c sp=0x000000001c97a350
Event: 4109.366 Thread 0x000000001d294000 DEOPT UNPACKING pc=0x00000000028171d0 sp=0x000000001c97a108 mode 0
Event: 4109.366 Thread 0x000000001d294000 DEOPT PACKING pc=0x0000000004d2ede4 sp=0x000000001c97a440
Event: 4109.366 Thread 0x000000001d294000 DEOPT UNPACKING pc=0x00000000028171d0 sp=0x000000001c97a160 mode 0


Dynamic libraries:
0x00007ff6c3f90000 - 0x00007ff6c3fc1000 	C:\Program Files\Android\Android Studio\jre\bin\java.exe
0x00007ffac7c60000 - 0x00007ffac7e50000 	C:\WINDOWS\SYSTEM32\ntdll.dll
0x00007ffac6fb0000 - 0x00007ffac7062000 	C:\WINDOWS\System32\KERNEL32.DLL
0x00007ffac5700000 - 0x00007ffac59a4000 	C:\WINDOWS\System32\KERNELBASE.dll
0x00007ffac6240000 - 0x00007ffac62e3000 	C:\WINDOWS\System32\ADVAPI32.dll
0x00007ffac7700000 - 0x00007ffac779e000 	C:\WINDOWS\System32\msvcrt.dll
0x00007ffac61a0000 - 0x00007ffac6237000 	C:\WINDOWS\System32\sechost.dll
0x00007ffac6b00000 - 0x00007ffac6c20000 	C:\WINDOWS\System32\RPCRT4.dll
0x00007ffac74e0000 - 0x00007ffac7674000 	C:\WINDOWS\System32\USER32.dll
0x00007ffac5b60000 - 0x00007ffac5b81000 	C:\WINDOWS\System32\win32u.dll
0x00007ffac79d0000 - 0x00007ffac79f6000 	C:\WINDOWS\System32\GDI32.dll
0x00007ffac5560000 - 0x00007ffac56f6000 	C:\WINDOWS\System32\gdi32full.dll
0x00007ffac54c0000 - 0x00007ffac555e000 	C:\WINDOWS\System32\msvcp_win.dll
0x00007ffac53c0000 - 0x00007ffac54ba000 	C:\WINDOWS\System32\ucrtbase.dll
0x00007ffabc2c0000 - 0x00007ffabc544000 	C:\WINDOWS\WinSxS\amd64_microsoft.windows.common-controls_6595b64144ccf1df_6.0.18362.959_none_e6c7bbbf130c62bb\COMCTL32.dll
0x00007ffac71a0000 - 0x00007ffac74d5000 	C:\WINDOWS\System32\combase.dll
0x00007ffac5b90000 - 0x00007ffac5c10000 	C:\WINDOWS\System32\bcryptPrimitives.dll
0x00007ffac7be0000 - 0x00007ffac7c0e000 	C:\WINDOWS\System32\IMM32.DLL
0x00000000733b0000 - 0x0000000073482000 	C:\Program Files\Android\Android Studio\jre\jre\bin\msvcr100.dll
0x0000000071e20000 - 0x000000007266b000 	C:\Program Files\Android\Android Studio\jre\jre\bin\server\jvm.dll
0x00007ffac6190000 - 0x00007ffac6198000 	C:\WINDOWS\System32\PSAPI.DLL
0x00007ffac1690000 - 0x00007ffac1699000 	C:\WINDOWS\SYSTEM32\WSOCK32.dll
0x00007ffac6a90000 - 0x00007ffac6aff000 	C:\WINDOWS\System32\WS2_32.dll
0x00007ffac2650000 - 0x00007ffac2674000 	C:\WINDOWS\SYSTEM32\WINMM.dll
0x00007ffac1360000 - 0x00007ffac136a000 	C:\WINDOWS\SYSTEM32\VERSION.dll
0x00007ffac1f60000 - 0x00007ffac1f8d000 	C:\WINDOWS\SYSTEM32\WINMMBASE.dll
0x00007ffac5c10000 - 0x00007ffac5c5a000 	C:\WINDOWS\System32\cfgmgr32.dll
0x00007ffac1680000 - 0x00007ffac168f000 	C:\Program Files\Android\Android Studio\jre\jre\bin\verify.dll
0x00007ffabdd90000 - 0x00007ffabddb9000 	C:\Program Files\Android\Android Studio\jre\jre\bin\java.dll
0x00007ffabefc0000 - 0x00007ffabefd6000 	C:\Program Files\Android\Android Studio\jre\jre\bin\zip.dll
0x00007ffac63a0000 - 0x00007ffac6a86000 	C:\WINDOWS\System32\SHELL32.dll
0x00007ffac7a00000 - 0x00007ffac7aa9000 	C:\WINDOWS\System32\shcore.dll
0x00007ffac4be0000 - 0x00007ffac5362000 	C:\WINDOWS\System32\windows.storage.dll
0x00007ffac4bb0000 - 0x00007ffac4bd3000 	C:\WINDOWS\System32\profapi.dll
0x00007ffac4b20000 - 0x00007ffac4b6a000 	C:\WINDOWS\System32\powrprof.dll
0x00007ffac4b10000 - 0x00007ffac4b20000 	C:\WINDOWS\System32\UMPDC.dll
0x00007ffac7ab0000 - 0x00007ffac7b02000 	C:\WINDOWS\System32\shlwapi.dll
0x00007ffac4b90000 - 0x00007ffac4ba1000 	C:\WINDOWS\System32\kernel.appcore.dll
0x00007ffac5370000 - 0x00007ffac5387000 	C:\WINDOWS\System32\cryptsp.dll
0x00007ffabdc20000 - 0x00007ffabdc3a000 	C:\Program Files\Android\Android Studio\jre\jre\bin\net.dll
0x00007ffac4320000 - 0x00007ffac4387000 	C:\WINDOWS\system32\mswsock.dll
0x00007ffabdbb0000 - 0x00007ffabdbc3000 	C:\Program Files\Android\Android Studio\jre\jre\bin\nio.dll
0x00007ffaaed30000 - 0x00007ffaaed56000 	C:\Users\HP\.gradle\native\31\windows-amd64\native-platform.dll
0x00007ffac0060000 - 0x00007ffac006d000 	C:\Program Files\Android\Android Studio\jre\jre\bin\management.dll
0x00007ffac3e90000 - 0x00007ffac3ec3000 	C:\WINDOWS\system32\rsaenh.dll
0x00007ffac5390000 - 0x00007ffac53b6000 	C:\WINDOWS\System32\bcrypt.dll
0x00007ffac4a00000 - 0x00007ffac4a25000 	C:\WINDOWS\SYSTEM32\USERENV.dll
0x00007ffac44f0000 - 0x00007ffac44fc000 	C:\WINDOWS\SYSTEM32\CRYPTBASE.dll
0x00007ffac4030000 - 0x00007ffac406a000 	C:\WINDOWS\SYSTEM32\IPHLPAPI.DLL
0x00007ffac6180000 - 0x00007ffac6188000 	C:\WINDOWS\System32\NSI.dll
0x00007ffabef90000 - 0x00007ffabefa6000 	C:\WINDOWS\SYSTEM32\dhcpcsvc6.DLL
0x00007ffabef50000 - 0x00007ffabef6c000 	C:\WINDOWS\SYSTEM32\dhcpcsvc.DLL
0x00007ffac4070000 - 0x00007ffac413b000 	C:\WINDOWS\SYSTEM32\DNSAPI.dll
0x00007ffac3b70000 - 0x00007ffac3ba1000 	C:\WINDOWS\SYSTEM32\ntmarta.dll
0x00007ffab46d0000 - 0x00007ffab46f4000 	C:\Program Files\Android\Android Studio\jre\jre\bin\sunec.dll
0x00007ffabb690000 - 0x00007ffabb69a000 	C:\Windows\System32\rasadhlp.dll
0x00007ffabe250000 - 0x00007ffabe2c7000 	C:\WINDOWS\System32\fwpuclnt.dll
0x00007ffabdc10000 - 0x00007ffabdc1b000 	C:\Program Files\Android\Android Studio\jre\jre\bin\sunmscapi.dll
0x00007ffac5a10000 - 0x00007ffac5b59000 	C:\WINDOWS\System32\CRYPT32.dll
0x00007ffac4b70000 - 0x00007ffac4b82000 	C:\WINDOWS\System32\MSASN1.dll

VM Arguments:
jvm_args: -Xmx2048m -Dfile.encoding=windows-1252 -Duser.country=US -Duser.language=en -Duser.variant 
java_command: org.gradle.launcher.daemon.bootstrap.GradleDaemon 6.1.1
java_class_path (initial): C:\Users\HP\.gradle\wrapper\dists\gradle-6.1.1-all\cfmwm155h49vnt3hynmlrsdst\gradle-6.1.1\lib\gradle-launcher-6.1.1.jar
Launcher Type: SUN_STANDARD

Environment Variables:
JAVA_HOME=C:\Program Files\AdoptOpenJDK\jdk-8.0.222.10-hotspot\
PATH=C:\Program Files\ImageMagick-7.0.9-Q16;C:\Program Files\AdoptOpenJDK\jdk-8.0.222.10-hotspot\bin;C:\Program Files (x86)\Common Files\Oracle\Java\javapath;C:\Program Files (x86)\NVIDIA Corporation\PhysX\Common;C:\ProgramData\Oracle\Java\javapath;C:\WINDOWS\system32;C:\WINDOWS;C:\WINDOWS\System32\Wbem;C:\WINDOWS\System32\WindowsPowerShell\v1.0\;C:\Program Files\Hewlett-Packard\SimplePass\;C:\Program Files (x86)\Windows Live\Shared;C:\Program Files (x86)\ATI Technologies\ATI.ACE\Core-Static;C:\Users\HP\Desktop\ATI.ACE\Core-Static;C:\WINDOWS\System32\OpenSSH\;C:\Program Files\Java\jdk-12.0.1\bin;C:\Program Files (x86)\AMD\ATI.ACE\Core-Static;C:\Program Files\Calibre2\;C:\Program Files\Git\cmd;C:\Users\HP\AppData\Local\Microsoft\WindowsApps;C:\Users\HP\AppData\Local\Programs\Python\Python37-32;C:\Users\HP\AppData\Local\Programs\Python\Python37-32\Scripts;C:\Program Files\Java\jdk-12.0.1;
USERNAME=HP
OS=Windows_NT
PROCESSOR_IDENTIFIER=AMD64 Family 21 Model 19 Stepping 1, AuthenticAMD



---------------  S Y S T E M  ---------------

OS: Windows 10.0 , 64 bit Build 18362 (10.0.18362.959)

CPU:total 4 (initial active 4) (4 cores per cpu, 1 threads per core) family 21 model 19 stepping 1, cmov, cx8, fxsr, mmx, sse, sse2, sse3, ssse3, sse4.1, sse4.2, popcnt, avx, aes, clmul, mmxext, 3dnowpref, lzcnt, sse4a, tsc, tscinvbit, tscinv, bmi1

Memory: 4k page, physical 5466376k(330340k free), swap 8538376k(8464k free)

vm_info: OpenJDK 64-Bit Server VM (25.242-b01) for windows-amd64 JRE (1.8.0_242-release-1644-b01), built by "builder" with MS VC++ 10.0 (VS2010)

time: Mon Sep 07 20:39:44 2020
timezone: Central Daylight Time
elapsed time: 4164 seconds (0d 1h 9m 24s)

